  ConsoleApplication2.cpp
c:\users\komputer\source\repos\consoleapplication2\consoleapplication2\ball.h(30): warning C4244: 'argument': conversion from 'double' to 'float', possible loss of data
c:\users\komputer\source\repos\consoleapplication2\consoleapplication2\consoleapplication2.cpp(92): warning C4244: 'argument': conversion from 'float' to 'unsigned int', possible loss of data
c:\program files (x86)\microsoft visual studio\2017\community\vc\tools\msvc\14.13.26128\include\xmemory0(919): warning C4244: 'argument': conversion from 'int' to 'float', possible loss of data
  c:\program files (x86)\microsoft visual studio\2017\community\vc\tools\msvc\14.13.26128\include\vector(947): note: see reference to function template instantiation 'void std::_Default_allocator_traits<_Alloc>::construct<_Ty,int,int,int,int>(_Alloc &,_Objty *const ,int &&,int &&,int &&,int &&)' being compiled
          with
          [
              _Alloc=std::allocator<Block>,
              _Ty=Block,
              _Objty=Block
          ]
  c:\program files (x86)\microsoft visual studio\2017\community\vc\tools\msvc\14.13.26128\include\vector(968): note: see reference to function template instantiation 'void std::_Default_allocator_traits<_Alloc>::construct<_Ty,int,int,int,int>(_Alloc &,_Objty *const ,int &&,int &&,int &&,int &&)' being compiled
          with
          [
              _Alloc=std::allocator<Block>,
              _Ty=Block,
              _Objty=Block
          ]
  c:\users\komputer\source\repos\consoleapplication2\consoleapplication2\consoleapplication2.cpp(86): note: see reference to function template instantiation 'void std::vector<Block,std::allocator<_Ty>>::emplace_back<int,int,int,int>(int &&,int &&,int &&,int &&)' being compiled
          with
          [
              _Ty=Block
          ]
c:\users\komputer\source\repos\consoleapplication2\consoleapplication2\consoleapplication2.cpp(41): warning C4715: 'collisionTest': not all control paths return a value
c:\users\komputer\source\repos\consoleapplication2\consoleapplication2\consoleapplication2.cpp(74): warning C4715: 'collistionTest': not all control paths return a value
  ConsoleApplication2.vcxproj -> C:\Users\komputer\source\repos\ConsoleApplication2\Debug\ConsoleApplication2.exe
